<?xml version="1.0" encoding="UTF-8"?>
<!-- Generated by org.testng.reporters.JUnitReportReporter -->
<testsuite hostname="TXCHD-LAP-003" failures="0" tests="1" name="com.test.FirstTest" time="26.742" errors="0" timestamp="2021-12-02T17:36:32 IST" skipped="0">
  <testcase classname="com.test.FirstTest" name="FirstTestTest" time="26.742"/>
  <system-out/>
</testsuite> <!-- com.test.FirstTest -->
